[0.009s] Invoking command in '/home/tanmay/bot_ws/build/articubot_one': CMAKE_PREFIX_PATH=${CMAKE_PREFIX_PATH}:/opt/ros/humble /usr/bin/cmake --build /home/tanmay/bot_ws/build/articubot_one -- -j8 -l8
[0.038s] Invoked command in '/home/tanmay/bot_ws/build/articubot_one' returned '0': CMAKE_PREFIX_PATH=${CMAKE_PREFIX_PATH}:/opt/ros/humble /usr/bin/cmake --build /home/tanmay/bot_ws/build/articubot_one -- -j8 -l8
[0.062s] Invoking command in '/home/tanmay/bot_ws/build/articubot_one': CMAKE_PREFIX_PATH=${CMAKE_PREFIX_PATH}:/opt/ros/humble /usr/bin/cmake --install /home/tanmay/bot_ws/build/articubot_one
[0.067s] -- Install configuration: ""
[0.068s] -- Up-to-date: /home/tanmay/bot_ws/install/articubot_one/share/articubot_one/config
[0.068s] -- Up-to-date: /home/tanmay/bot_ws/install/articubot_one/share/articubot_one/config/twist_mux.yaml
[0.068s] -- Up-to-date: /home/tanmay/bot_ws/install/articubot_one/share/articubot_one/config/empty.yaml
[0.068s] -- Up-to-date: /home/tanmay/bot_ws/install/articubot_one/share/articubot_one/config/view_bot.rviz
[0.068s] -- Up-to-date: /home/tanmay/bot_ws/install/articubot_one/share/articubot_one/config/main.rviz
[0.068s] -- Up-to-date: /home/tanmay/bot_ws/install/articubot_one/share/articubot_one/config/ball_tracker_params_sim.yaml
[0.068s] -- Up-to-date: /home/tanmay/bot_ws/install/articubot_one/share/articubot_one/config/joystick.yaml
[0.068s] -- Up-to-date: /home/tanmay/bot_ws/install/articubot_one/share/articubot_one/config/map.rviz
[0.068s] -- Up-to-date: /home/tanmay/bot_ws/install/articubot_one/share/articubot_one/config/drive_bot.rviz
[0.068s] -- Up-to-date: /home/tanmay/bot_ws/install/articubot_one/share/articubot_one/config/ball_tracker_params_robot.yaml
[0.068s] -- Up-to-date: /home/tanmay/bot_ws/install/articubot_one/share/articubot_one/config/my_controllers.yaml
[0.069s] -- Up-to-date: /home/tanmay/bot_ws/install/articubot_one/share/articubot_one/config/gaz_ros2_ctl_use_sim.yaml
[0.069s] -- Up-to-date: /home/tanmay/bot_ws/install/articubot_one/share/articubot_one/config/nav2_params.yaml
[0.069s] -- Up-to-date: /home/tanmay/bot_ws/install/articubot_one/share/articubot_one/config/gazebo_params.yaml
[0.069s] -- Up-to-date: /home/tanmay/bot_ws/install/articubot_one/share/articubot_one/config/mapper_params_online_async.yaml
[0.069s] -- Up-to-date: /home/tanmay/bot_ws/install/articubot_one/share/articubot_one/description
[0.069s] -- Up-to-date: /home/tanmay/bot_ws/install/articubot_one/share/articubot_one/description/inertial_macros.xacro
[0.069s] -- Up-to-date: /home/tanmay/bot_ws/install/articubot_one/share/articubot_one/description/robot.urdf.xacro
[0.069s] -- Up-to-date: /home/tanmay/bot_ws/install/articubot_one/share/articubot_one/description/ros2_control.xacro
[0.069s] -- Up-to-date: /home/tanmay/bot_ws/install/articubot_one/share/articubot_one/description/face.xacro
[0.069s] -- Up-to-date: /home/tanmay/bot_ws/install/articubot_one/share/articubot_one/description/camera.xacro
[0.069s] -- Up-to-date: /home/tanmay/bot_ws/install/articubot_one/share/articubot_one/description/depth_camera.xacro
[0.069s] -- Up-to-date: /home/tanmay/bot_ws/install/articubot_one/share/articubot_one/description/robot_core.xacro
[0.070s] -- Up-to-date: /home/tanmay/bot_ws/install/articubot_one/share/articubot_one/description/lidar.xacro
[0.070s] -- Installing: /home/tanmay/bot_ws/install/articubot_one/share/articubot_one/description/gazebo_control.xacro
[0.070s] -- Up-to-date: /home/tanmay/bot_ws/install/articubot_one/share/articubot_one/launch
[0.070s] -- Up-to-date: /home/tanmay/bot_ws/install/articubot_one/share/articubot_one/launch/camera.launch.py
[0.070s] -- Up-to-date: /home/tanmay/bot_ws/install/articubot_one/share/articubot_one/launch/navigation_launch.py
[0.070s] -- Up-to-date: /home/tanmay/bot_ws/install/articubot_one/share/articubot_one/launch/online_async_launch.py
[0.070s] -- Up-to-date: /home/tanmay/bot_ws/install/articubot_one/share/articubot_one/launch/install
[0.070s] -- Up-to-date: /home/tanmay/bot_ws/install/articubot_one/share/articubot_one/launch/install/setup.ps1
[0.070s] -- Up-to-date: /home/tanmay/bot_ws/install/articubot_one/share/articubot_one/launch/install/_local_setup_util_ps1.py
[0.070s] -- Up-to-date: /home/tanmay/bot_ws/install/articubot_one/share/articubot_one/launch/install/local_setup.zsh
[0.070s] -- Up-to-date: /home/tanmay/bot_ws/install/articubot_one/share/articubot_one/launch/install/local_setup.ps1
[0.070s] -- Up-to-date: /home/tanmay/bot_ws/install/articubot_one/share/articubot_one/launch/install/_local_setup_util_sh.py
[0.070s] -- Up-to-date: /home/tanmay/bot_ws/install/articubot_one/share/articubot_one/launch/install/setup.zsh
[0.070s] -- Up-to-date: /home/tanmay/bot_ws/install/articubot_one/share/articubot_one/launch/install/local_setup.bash
[0.070s] -- Up-to-date: /home/tanmay/bot_ws/install/articubot_one/share/articubot_one/launch/install/setup.bash
[0.070s] -- Up-to-date: /home/tanmay/bot_ws/install/articubot_one/share/articubot_one/launch/install/.colcon_install_layout
[0.071s] -- Up-to-date: /home/tanmay/bot_ws/install/articubot_one/share/articubot_one/launch/install/setup.sh
[0.071s] -- Up-to-date: /home/tanmay/bot_ws/install/articubot_one/share/articubot_one/launch/install/COLCON_IGNORE
[0.071s] -- Up-to-date: /home/tanmay/bot_ws/install/articubot_one/share/articubot_one/launch/install/local_setup.sh
[0.071s] -- Up-to-date: /home/tanmay/bot_ws/install/articubot_one/share/articubot_one/launch/build
[0.071s] -- Up-to-date: /home/tanmay/bot_ws/install/articubot_one/share/articubot_one/launch/build/.built_by
[0.071s] -- Up-to-date: /home/tanmay/bot_ws/install/articubot_one/share/articubot_one/launch/build/COLCON_IGNORE
[0.071s] -- Up-to-date: /home/tanmay/bot_ws/install/articubot_one/share/articubot_one/launch/joystick.launch.py
[0.071s] -- Up-to-date: /home/tanmay/bot_ws/install/articubot_one/share/articubot_one/launch/ball_tracker.launch.py
[0.071s] -- Up-to-date: /home/tanmay/bot_ws/install/articubot_one/share/articubot_one/launch/launch_sim.launch.py
[0.071s] -- Up-to-date: /home/tanmay/bot_ws/install/articubot_one/share/articubot_one/launch/rplidar.launch.py
[0.071s] -- Up-to-date: /home/tanmay/bot_ws/install/articubot_one/share/articubot_one/launch/localization_launch.py
[0.071s] -- Up-to-date: /home/tanmay/bot_ws/install/articubot_one/share/articubot_one/launch/log
[0.071s] -- Up-to-date: /home/tanmay/bot_ws/install/articubot_one/share/articubot_one/launch/log/build_2025-02-04_22-44-05
[0.071s] -- Up-to-date: /home/tanmay/bot_ws/install/articubot_one/share/articubot_one/launch/log/build_2025-02-04_22-44-05/logger_all.log
[0.071s] -- Up-to-date: /home/tanmay/bot_ws/install/articubot_one/share/articubot_one/launch/log/build_2025-02-04_22-44-05/events.log
[0.071s] -- Up-to-date: /home/tanmay/bot_ws/install/articubot_one/share/articubot_one/launch/log/build_2025-02-04_22-43-59
[0.071s] -- Up-to-date: /home/tanmay/bot_ws/install/articubot_one/share/articubot_one/launch/log/build_2025-02-04_22-43-59/logger_all.log
[0.071s] -- Up-to-date: /home/tanmay/bot_ws/install/articubot_one/share/articubot_one/launch/log/build_2025-02-04_22-43-59/events.log
[0.071s] -- Up-to-date: /home/tanmay/bot_ws/install/articubot_one/share/articubot_one/launch/log/latest
[0.071s] -- Up-to-date: /home/tanmay/bot_ws/install/articubot_one/share/articubot_one/launch/log/latest_build
[0.071s] -- Up-to-date: /home/tanmay/bot_ws/install/articubot_one/share/articubot_one/launch/log/COLCON_IGNORE
[0.071s] -- Up-to-date: /home/tanmay/bot_ws/install/articubot_one/share/articubot_one/launch/rsp.launch.py
[0.072s] -- Up-to-date: /home/tanmay/bot_ws/install/articubot_one/share/articubot_one/launch/launch_robot.launch.py
[0.072s] -- Up-to-date: /home/tanmay/bot_ws/install/articubot_one/share/articubot_one/worlds
[0.072s] -- Installing: /home/tanmay/bot_ws/install/articubot_one/share/articubot_one/worlds/obstacles.world
[0.072s] -- Up-to-date: /home/tanmay/bot_ws/install/articubot_one/share/articubot_one/worlds/empty.world
[0.072s] -- Up-to-date: /home/tanmay/bot_ws/install/articubot_one/share/ament_index/resource_index/package_run_dependencies/articubot_one
[0.072s] -- Up-to-date: /home/tanmay/bot_ws/install/articubot_one/share/ament_index/resource_index/parent_prefix_path/articubot_one
[0.072s] -- Up-to-date: /home/tanmay/bot_ws/install/articubot_one/share/articubot_one/environment/ament_prefix_path.sh
[0.072s] -- Up-to-date: /home/tanmay/bot_ws/install/articubot_one/share/articubot_one/environment/ament_prefix_path.dsv
[0.072s] -- Up-to-date: /home/tanmay/bot_ws/install/articubot_one/share/articubot_one/environment/path.sh
[0.072s] -- Up-to-date: /home/tanmay/bot_ws/install/articubot_one/share/articubot_one/environment/path.dsv
[0.072s] -- Up-to-date: /home/tanmay/bot_ws/install/articubot_one/share/articubot_one/local_setup.bash
[0.072s] -- Up-to-date: /home/tanmay/bot_ws/install/articubot_one/share/articubot_one/local_setup.sh
[0.072s] -- Up-to-date: /home/tanmay/bot_ws/install/articubot_one/share/articubot_one/local_setup.zsh
[0.073s] -- Up-to-date: /home/tanmay/bot_ws/install/articubot_one/share/articubot_one/local_setup.dsv
[0.073s] -- Installing: /home/tanmay/bot_ws/install/articubot_one/share/articubot_one/package.dsv
[0.073s] -- Up-to-date: /home/tanmay/bot_ws/install/articubot_one/share/ament_index/resource_index/packages/articubot_one
[0.073s] -- Up-to-date: /home/tanmay/bot_ws/install/articubot_one/share/articubot_one/cmake/articubot_oneConfig.cmake
[0.073s] -- Up-to-date: /home/tanmay/bot_ws/install/articubot_one/share/articubot_one/cmake/articubot_oneConfig-version.cmake
[0.073s] -- Up-to-date: /home/tanmay/bot_ws/install/articubot_one/share/articubot_one/package.xml
[0.073s] Invoked command in '/home/tanmay/bot_ws/build/articubot_one' returned '0': CMAKE_PREFIX_PATH=${CMAKE_PREFIX_PATH}:/opt/ros/humble /usr/bin/cmake --install /home/tanmay/bot_ws/build/articubot_one
