-- Found ament_cmake: 1.3.10 (/opt/ros/humble/share/ament_cmake/cmake)
-- Override CMake install command with custom implementation using symlinks instead of copying resources
-- Found ament_lint_auto: 0.12.11 (/opt/ros/humble/share/ament_lint_auto/cmake)
-- Added test 'copyright' to check source files copyright and LICENSE
-- Added test 'cppcheck' to perform static code analysis on C / C++ code
-- Configured cppcheck include dirs: 
-- Configured cppcheck exclude dirs and/or files: 
-- Added test 'cpplint' to check C / C++ code against the Google style
-- Configured cpplint exclude dirs and/or files: 
-- Added test 'flake8' to check Python code syntax and style conventions
-- Added test 'lint_cmake' to check CMake code style
-- Added test 'pep257' to check Python code against some of the docstring style conventions in PEP 257
-- Added test 'uncrustify' to check C / C++ code style
-- Configured uncrustify additional arguments: 
-- Added test 'xmllint' to check XML markup files
-- Configuring done
-- Generating done
-- Build files have been written to: /home/tanmay/bot_ws/build/articubot_one
-- Install configuration: ""
-- Execute custom install script
-- Symlinking: /home/tanmay/bot_ws/install/articubot_one/share/articubot_one/config/ball_tracker_params_robot.yaml
-- Symlinking: /home/tanmay/bot_ws/install/articubot_one/share/articubot_one/config/ball_tracker_params_sim.yaml
-- Symlinking: /home/tanmay/bot_ws/install/articubot_one/share/articubot_one/config/drive_bot.rviz
-- Symlinking: /home/tanmay/bot_ws/install/articubot_one/share/articubot_one/config/empty.yaml
-- Symlinking: /home/tanmay/bot_ws/install/articubot_one/share/articubot_one/config/gaz_ros2_ctl_use_sim.yaml
-- Symlinking: /home/tanmay/bot_ws/install/articubot_one/share/articubot_one/config/gazebo_params.yaml
-- Symlinking: /home/tanmay/bot_ws/install/articubot_one/share/articubot_one/config/joystick.yaml
-- Symlinking: /home/tanmay/bot_ws/install/articubot_one/share/articubot_one/config/main.rviz
-- Symlinking: /home/tanmay/bot_ws/install/articubot_one/share/articubot_one/config/map.rviz
-- Symlinking: /home/tanmay/bot_ws/install/articubot_one/share/articubot_one/config/mapper_params_online_async.yaml
-- Symlinking: /home/tanmay/bot_ws/install/articubot_one/share/articubot_one/config/my_controllers.yaml
-- Symlinking: /home/tanmay/bot_ws/install/articubot_one/share/articubot_one/config/nav2_params.yaml
-- Symlinking: /home/tanmay/bot_ws/install/articubot_one/share/articubot_one/config/twist_mux.yaml
-- Symlinking: /home/tanmay/bot_ws/install/articubot_one/share/articubot_one/config/view_bot.rviz
-- Symlinking: /home/tanmay/bot_ws/install/articubot_one/share/articubot_one/description/camera.xacro
-- Symlinking: /home/tanmay/bot_ws/install/articubot_one/share/articubot_one/description/depth_camera.xacro
-- Symlinking: /home/tanmay/bot_ws/install/articubot_one/share/articubot_one/description/face.xacro
-- Symlinking: /home/tanmay/bot_ws/install/articubot_one/share/articubot_one/description/gazebo_control.xacro
-- Symlinking: /home/tanmay/bot_ws/install/articubot_one/share/articubot_one/description/inertial_macros.xacro
-- Symlinking: /home/tanmay/bot_ws/install/articubot_one/share/articubot_one/description/lidar.xacro
-- Symlinking: /home/tanmay/bot_ws/install/articubot_one/share/articubot_one/description/robot.urdf.xacro
-- Symlinking: /home/tanmay/bot_ws/install/articubot_one/share/articubot_one/description/robot_core.xacro
-- Symlinking: /home/tanmay/bot_ws/install/articubot_one/share/articubot_one/description/ros2_control.xacro
[33mCMake Warning (dev) at ament_cmake_symlink_install/ament_cmake_symlink_install.cmake:62 (file):
  Policy CMP0009 is not set: FILE GLOB_RECURSE calls should not follow
  symlinks by default.  Run "cmake --help-policy CMP0009" for policy details.
  Use the cmake_policy command to set the policy and suppress this warning.
Call Stack (most recent call first):
  ament_cmake_symlink_install/ament_cmake_symlink_install.cmake:314 (ament_cmake_symlink_install_directory)
  cmake_install.cmake:46 (include)
This warning is for project developers.  Use -Wno-dev to suppress it.
[0m
-- Symlinking: /home/tanmay/bot_ws/install/articubot_one/share/articubot_one/launch/ball_tracker.launch.py
-- Symlinking: /home/tanmay/bot_ws/install/articubot_one/share/articubot_one/launch/build/.built_by
-- Symlinking: /home/tanmay/bot_ws/install/articubot_one/share/articubot_one/launch/build/COLCON_IGNORE
-- Symlinking: /home/tanmay/bot_ws/install/articubot_one/share/articubot_one/launch/camera.launch.py
-- Symlinking: /home/tanmay/bot_ws/install/articubot_one/share/articubot_one/launch/install/.colcon_install_layout
-- Symlinking: /home/tanmay/bot_ws/install/articubot_one/share/articubot_one/launch/install/COLCON_IGNORE
-- Symlinking: /home/tanmay/bot_ws/install/articubot_one/share/articubot_one/launch/install/_local_setup_util_ps1.py
-- Symlinking: /home/tanmay/bot_ws/install/articubot_one/share/articubot_one/launch/install/_local_setup_util_sh.py
-- Symlinking: /home/tanmay/bot_ws/install/articubot_one/share/articubot_one/launch/install/local_setup.bash
-- Symlinking: /home/tanmay/bot_ws/install/articubot_one/share/articubot_one/launch/install/local_setup.ps1
-- Symlinking: /home/tanmay/bot_ws/install/articubot_one/share/articubot_one/launch/install/local_setup.sh
-- Symlinking: /home/tanmay/bot_ws/install/articubot_one/share/articubot_one/launch/install/local_setup.zsh
-- Symlinking: /home/tanmay/bot_ws/install/articubot_one/share/articubot_one/launch/install/setup.bash
-- Symlinking: /home/tanmay/bot_ws/install/articubot_one/share/articubot_one/launch/install/setup.ps1
-- Symlinking: /home/tanmay/bot_ws/install/articubot_one/share/articubot_one/launch/install/setup.sh
-- Symlinking: /home/tanmay/bot_ws/install/articubot_one/share/articubot_one/launch/install/setup.zsh
-- Symlinking: /home/tanmay/bot_ws/install/articubot_one/share/articubot_one/launch/joystick.launch.py
-- Symlinking: /home/tanmay/bot_ws/install/articubot_one/share/articubot_one/launch/launch_robot.launch.py
-- Symlinking: /home/tanmay/bot_ws/install/articubot_one/share/articubot_one/launch/launch_sim.launch.py
-- Symlinking: /home/tanmay/bot_ws/install/articubot_one/share/articubot_one/launch/localization_launch.py
-- Symlinking: /home/tanmay/bot_ws/install/articubot_one/share/articubot_one/launch/log/COLCON_IGNORE
-- Symlinking: /home/tanmay/bot_ws/install/articubot_one/share/articubot_one/launch/log/build_2025-02-04_22-43-59/events.log
-- Symlinking: /home/tanmay/bot_ws/install/articubot_one/share/articubot_one/launch/log/build_2025-02-04_22-43-59/logger_all.log
-- Symlinking: /home/tanmay/bot_ws/install/articubot_one/share/articubot_one/launch/log/build_2025-02-04_22-44-05/events.log
-- Symlinking: /home/tanmay/bot_ws/install/articubot_one/share/articubot_one/launch/log/build_2025-02-04_22-44-05/logger_all.log
-- Up-to-date symlink: /home/tanmay/bot_ws/install/articubot_one/share/articubot_one/launch/log/latest/events.log
-- Up-to-date symlink: /home/tanmay/bot_ws/install/articubot_one/share/articubot_one/launch/log/latest/logger_all.log
-- Up-to-date symlink: /home/tanmay/bot_ws/install/articubot_one/share/articubot_one/launch/log/latest_build/events.log
-- Up-to-date symlink: /home/tanmay/bot_ws/install/articubot_one/share/articubot_one/launch/log/latest_build/logger_all.log
-- Symlinking: /home/tanmay/bot_ws/install/articubot_one/share/articubot_one/launch/navigation_launch.py
-- Symlinking: /home/tanmay/bot_ws/install/articubot_one/share/articubot_one/launch/online_async_launch.py
-- Symlinking: /home/tanmay/bot_ws/install/articubot_one/share/articubot_one/launch/rplidar.launch.py
-- Symlinking: /home/tanmay/bot_ws/install/articubot_one/share/articubot_one/launch/rsp.launch.py
-- Symlinking: /home/tanmay/bot_ws/install/articubot_one/share/articubot_one/worlds/empty.world
-- Symlinking: /home/tanmay/bot_ws/install/articubot_one/share/articubot_one/worlds/obstacles.world
-- Symlinking: /home/tanmay/bot_ws/install/articubot_one/share/ament_index/resource_index/package_run_dependencies/articubot_one
-- Symlinking: /home/tanmay/bot_ws/install/articubot_one/share/ament_index/resource_index/parent_prefix_path/articubot_one
-- Symlinking: /home/tanmay/bot_ws/install/articubot_one/share/articubot_one/environment/ament_prefix_path.sh
-- Symlinking: /home/tanmay/bot_ws/install/articubot_one/share/articubot_one/environment/ament_prefix_path.dsv
-- Symlinking: /home/tanmay/bot_ws/install/articubot_one/share/articubot_one/environment/path.sh
-- Symlinking: /home/tanmay/bot_ws/install/articubot_one/share/articubot_one/environment/path.dsv
-- Symlinking: /home/tanmay/bot_ws/install/articubot_one/share/articubot_one/local_setup.bash
-- Symlinking: /home/tanmay/bot_ws/install/articubot_one/share/articubot_one/local_setup.sh
-- Symlinking: /home/tanmay/bot_ws/install/articubot_one/share/articubot_one/local_setup.zsh
-- Symlinking: /home/tanmay/bot_ws/install/articubot_one/share/articubot_one/local_setup.dsv
-- Symlinking: /home/tanmay/bot_ws/install/articubot_one/share/articubot_one/package.dsv
-- Symlinking: /home/tanmay/bot_ws/install/articubot_one/share/ament_index/resource_index/packages/articubot_one
-- Symlinking: /home/tanmay/bot_ws/install/articubot_one/share/articubot_one/cmake/articubot_oneConfig.cmake
-- Symlinking: /home/tanmay/bot_ws/install/articubot_one/share/articubot_one/cmake/articubot_oneConfig-version.cmake
-- Symlinking: /home/tanmay/bot_ws/install/articubot_one/share/articubot_one/package.xml
